SF:lib\getnet_deeplink_payments_method_channel.dart
DA:38,1
DA:47,1
DA:51,1
DA:53,2
DA:55,1
DA:57,1
DA:68,1
DA:70,1
DA:72,1
DA:89,1
DA:97,1
DA:101,1
DA:103,2
DA:105,1
DA:108,2
DA:119,1
DA:121,1
DA:123,1
DA:132,1
DA:135,1
DA:139,1
DA:142,2
DA:148,1
DA:150,1
DA:152,1
DA:154,1
DA:163,1
DA:166,1
DA:170,1
DA:172,2
DA:174,1
DA:183,1
DA:185,1
DA:187,1
LF:34
LH:34
end_of_record
SF:lib\models\transaction\transaction.dart
DA:94,2
DA:125,0
DA:154,0
DA:155,0
DA:156,0
DA:157,0
DA:158,0
DA:159,0
DA:161,0
DA:162,0
DA:164,0
DA:165,0
DA:166,0
DA:167,0
DA:168,0
DA:169,0
DA:170,0
DA:171,0
DA:172,0
DA:173,0
DA:174,0
DA:175,0
DA:176,0
DA:177,0
DA:179,0
DA:180,0
DA:181,0
DA:183,0
DA:184,0
DA:185,0
DA:190,0
DA:191,0
DA:192,0
DA:193,0
DA:194,0
DA:195,0
DA:196,0
DA:197,0
DA:198,0
DA:199,0
DA:200,0
DA:201,0
DA:202,0
DA:203,0
DA:204,0
DA:205,0
DA:206,0
DA:207,0
DA:208,0
DA:209,0
DA:210,0
DA:211,0
DA:212,0
DA:213,0
DA:214,0
DA:215,0
DA:216,0
DA:217,0
DA:218,0
DA:223,1
DA:224,1
DA:225,2
DA:227,1
DA:228,1
DA:229,2
DA:230,1
DA:231,1
DA:232,0
DA:234,1
DA:235,1
DA:236,0
DA:238,1
DA:239,1
DA:240,1
DA:242,1
DA:244,1
DA:245,1
DA:246,1
DA:247,0
DA:249,1
DA:250,1
DA:251,0
DA:253,1
DA:254,0
DA:256,1
DA:257,0
DA:259,1
DA:260,0
DA:262,1
DA:263,0
DA:264,0
DA:266,1
DA:267,0
DA:269,1
DA:270,1
DA:271,0
DA:273,1
DA:274,0
DA:276,1
DA:277,0
DA:279,1
DA:280,0
DA:286,0
DA:289,1
DA:290,2
DA:293,0
DA:295,0
DA:299,0
DA:303,0
DA:304,0
DA:305,0
DA:306,0
DA:307,0
DA:308,0
DA:309,0
DA:310,0
DA:311,0
DA:312,0
DA:313,0
DA:314,0
DA:315,0
DA:316,0
DA:317,0
DA:318,0
DA:319,0
DA:320,0
DA:321,0
DA:322,0
DA:323,0
DA:324,0
DA:325,0
DA:326,0
DA:327,0
DA:328,0
DA:329,0
DA:333,0
DA:335,0
DA:336,0
DA:337,0
DA:338,0
DA:339,0
DA:340,0
DA:341,0
DA:342,0
DA:343,0
DA:344,0
DA:345,0
DA:346,0
DA:347,0
DA:348,0
DA:349,0
DA:350,0
DA:351,0
DA:352,0
DA:353,0
DA:354,0
DA:355,0
DA:356,0
DA:357,0
DA:358,0
DA:359,0
DA:360,0
DA:361,0
LF:163
LH:32
end_of_record
SF:lib\getnet_deeplink_payments_platform_interface.dart
DA:18,1
DA:19,0
DA:22,2
DA:32,1
LF:4
LH:3
end_of_record
SF:lib\models\transaction\automation_slip.dart
DA:13,0
DA:19,0
DA:24,0
DA:26,0
DA:28,0
DA:29,0
DA:33,0
DA:34,0
DA:35,0
DA:36,0
DA:37,0
DA:41,0
DA:42,0
DA:43,0
DA:44,0
DA:45,0
DA:47,0
DA:48,0
DA:49,0
DA:51,0
DA:52,0
DA:53,0
DA:58,0
DA:60,0
DA:61,0
DA:63,0
DA:65,0
DA:67,0
DA:71,0
DA:72,0
DA:73,0
DA:76,0
DA:78,0
DA:79,0
DA:80,0
LF:35
LH:0
end_of_record
SF:lib\models\transaction\mandatory_all_receipts_fields.dart
DA:19,0
DA:35,0
DA:50,0
DA:51,0
DA:52,0
DA:53,0
DA:54,0
DA:55,0
DA:56,0
DA:57,0
DA:59,0
DA:60,0
DA:61,0
DA:62,0
DA:63,0
DA:64,0
DA:68,0
DA:69,0
DA:70,0
DA:71,0
DA:72,0
DA:73,0
DA:74,0
DA:75,0
DA:76,0
DA:77,0
DA:78,0
DA:79,0
DA:80,0
DA:81,0
DA:82,0
DA:86,0
DA:87,0
DA:88,0
DA:89,0
DA:91,0
DA:92,0
DA:93,0
DA:95,0
DA:97,0
DA:98,0
DA:99,0
DA:100,0
DA:101,0
DA:103,0
DA:105,0
DA:106,0
DA:107,0
DA:108,0
DA:112,0
DA:114,0
DA:115,0
DA:116,0
DA:118,0
DA:120,0
DA:123,0
DA:127,0
DA:128,0
DA:129,0
DA:130,0
DA:131,0
DA:132,0
DA:133,0
DA:134,0
DA:135,0
DA:136,0
DA:137,0
DA:138,0
DA:139,0
DA:142,0
DA:144,0
DA:145,0
DA:146,0
DA:147,0
DA:148,0
DA:149,0
DA:150,0
DA:151,0
DA:152,0
DA:153,0
DA:154,0
DA:155,0
DA:156,0
LF:83
LH:0
end_of_record
SF:lib\models\transaction\mandatory_client_fields.dart
DA:8,0
DA:13,0
DA:17,0
DA:18,0
DA:19,0
DA:23,0
DA:24,0
DA:25,0
DA:26,0
DA:30,0
DA:31,0
DA:33,0
DA:34,0
DA:35,0
DA:40,0
DA:42,0
DA:43,0
DA:44,0
DA:46,0
DA:48,0
DA:50,0
DA:54,0
DA:55,0
DA:58,0
DA:59,0
LF:25
LH:0
end_of_record
SF:lib\models\transaction\mandatory_ec_fields.dart
DA:11,0
DA:19,0
DA:26,0
DA:27,0
DA:28,0
DA:29,0
DA:30,0
DA:31,0
DA:35,0
DA:36,0
DA:37,0
DA:38,0
DA:39,0
DA:40,0
DA:41,0
DA:45,0
DA:46,0
DA:47,0
DA:48,0
DA:49,0
DA:50,0
DA:52,0
DA:56,0
DA:58,0
DA:59,0
DA:61,0
DA:63,0
DA:66,0
DA:70,0
DA:71,0
DA:72,0
DA:73,0
DA:74,0
DA:77,0
DA:79,0
DA:80,0
DA:81,0
DA:82,0
DA:83,0
LF:39
LH:0
end_of_record
SF:lib\getnet_deeplink_payments.dart
DA:30,1
DA:37,2
DA:38,3
DA:40,2
DA:41,1
DA:42,0
DA:47,2
DA:72,1
DA:78,2
DA:82,2
DA:99,1
DA:101,2
DA:118,1
DA:119,2
DA:122,1
DA:123,1
LF:16
LH:15
end_of_record
SF:lib\getnet_pos_method_channel.dart
DA:62,1
DA:65,1
DA:69,1
DA:73,1
DA:77,4
DA:81,2
DA:83,1
DA:86,1
LF:8
LH:8
end_of_record
SF:lib\models\pos\item_print_model.dart
DA:12,2
DA:20,2
DA:28,0
DA:36,0
DA:44,0
DA:51,1
DA:52,1
DA:53,1
DA:54,2
DA:55,2
DA:56,1
DA:57,1
DA:58,1
LF:13
LH:10
end_of_record
SF:lib\getnet_pos_platform_interface.dart
DA:25,1
DA:28,2
DA:33,1
LF:3
LH:3
end_of_record
SF:lib\getnet_pos.dart
DA:64,1
DA:67,2
LF:2
LH:2
end_of_record
