SF:lib\getnet_deeplink_payments_method_channel.dart
DA:38,1
DA:46,1
DA:50,1
DA:52,2
DA:54,1
DA:56,1
DA:66,1
DA:68,1
DA:70,1
DA:87,0
DA:95,0
DA:99,0
DA:101,0
DA:103,0
DA:106,0
DA:117,0
DA:119,0
DA:121,0
LF:18
LH:9
end_of_record
SF:lib\models\transaction.dart
DA:89,2
DA:119,0
DA:147,0
DA:148,0
DA:149,0
DA:150,0
DA:151,0
DA:152,0
DA:154,0
DA:155,0
DA:157,0
DA:158,0
DA:159,0
DA:160,0
DA:161,0
DA:162,0
DA:163,0
DA:164,0
DA:165,0
DA:166,0
DA:167,0
DA:168,0
DA:169,0
DA:171,0
DA:172,0
DA:173,0
DA:175,0
DA:176,0
DA:177,0
DA:182,0
DA:183,0
DA:184,0
DA:185,0
DA:186,0
DA:187,0
DA:188,0
DA:189,0
DA:190,0
DA:191,0
DA:192,0
DA:193,0
DA:194,0
DA:195,0
DA:196,0
DA:197,0
DA:198,0
DA:199,0
DA:200,0
DA:201,0
DA:202,0
DA:203,0
DA:204,0
DA:205,0
DA:206,0
DA:207,0
DA:208,0
DA:209,0
DA:214,1
DA:215,1
DA:216,2
DA:218,1
DA:219,1
DA:220,2
DA:221,1
DA:222,1
DA:223,0
DA:225,1
DA:226,1
DA:227,0
DA:229,1
DA:230,1
DA:232,1
DA:234,1
DA:235,1
DA:236,1
DA:237,0
DA:239,1
DA:240,1
DA:241,0
DA:243,1
DA:244,0
DA:246,1
DA:247,0
DA:249,1
DA:250,0
DA:252,1
DA:253,0
DA:255,1
DA:256,0
DA:258,1
DA:259,1
DA:260,0
DA:262,1
DA:263,0
DA:265,1
DA:266,0
DA:268,1
DA:269,0
DA:275,0
DA:278,1
DA:279,2
DA:281,0
DA:283,0
DA:286,0
DA:290,0
DA:291,0
DA:292,0
DA:293,0
DA:294,0
DA:295,0
DA:296,0
DA:297,0
DA:298,0
DA:299,0
DA:300,0
DA:301,0
DA:302,0
DA:303,0
DA:304,0
DA:305,0
DA:306,0
DA:307,0
DA:308,0
DA:309,0
DA:310,0
DA:311,0
DA:312,0
DA:313,0
DA:314,0
DA:315,0
DA:318,0
DA:320,0
DA:321,0
DA:322,0
DA:323,0
DA:324,0
DA:325,0
DA:326,0
DA:327,0
DA:328,0
DA:329,0
DA:330,0
DA:331,0
DA:332,0
DA:333,0
DA:334,0
DA:335,0
DA:336,0
DA:337,0
DA:338,0
DA:339,0
DA:340,0
DA:341,0
DA:342,0
DA:343,0
DA:344,0
DA:345,0
LF:157
LH:31
end_of_record
SF:lib\getnet_deeplink_payments_platform_interface.dart
DA:18,1
DA:19,0
DA:22,2
DA:32,1
LF:4
LH:3
end_of_record
SF:lib\getnet_deeplink_payments.dart
DA:29,1
DA:35,2
DA:36,3
DA:38,2
DA:39,1
DA:40,0
DA:45,2
DA:69,0
DA:75,0
DA:79,0
LF:10
LH:6
end_of_record
